<?xml version="1.0" encoding="utf-8"?><testsuites name="pytest tests"><testsuite name="pytest" errors="0" failures="0" skipped="0" tests="57" time="0.612" timestamp="2026-01-07T22:48:08.880416-05:00" hostname="LT-0801530"><testcase classname="tests.test_shell" name="test_get_shell_rc_path" time="0.002" /><testcase classname="tests.test_shell" name="test_load_snippet_unknown_shell" time="0.001" /><testcase classname="tests.test_shell" name="test_get_shell_rc_path_zsh" time="0.001" /><testcase classname="tests.test_shell" name="test_get_shell_rc_path_bash" time="0.001" /><testcase classname="tests.test_shell" name="test_get_shell_rc_path_zsh_no_zdotdir" time="0.001" /><testcase classname="tests.test_shell" name="test_get_shell_rc_path_fish_no_xdg" time="0.001" /><testcase classname="tests.test_shell" name="test_load_snippet_for_shell" time="0.001" /><testcase classname="tests.test_shell" name="test_load_snippet_for_shell_reads_file" time="0.001" /><testcase classname="tests.test_shell" name="test_get_shell_rc_path_fish" time="0.001" /><testcase classname="tests.test_kitty" name="test_get_kitty_windows_nonzero_return" time="0.001" /><testcase classname="tests.test_kitty" name="test_get_kitty_windows_json_decode_error" time="0.001" /><testcase classname="tests.test_kitty" name="test_get_kitty_windows_kitty_not_found" time="0.001" /><testcase classname="tests.test_kitty" name="test_kittywindow_dataclass" time="0.001" /><testcase classname="tests.test_kitty" name="test_get_kitty_windows_no_windows" time="0.001" /><testcase classname="tests.test_kitty" name="test_get_kitty_windows_verbose_branch" time="0.001" /><testcase classname="tests.test_kitty" name="test_get_kitty_windows_subprocess_error" time="0.001" /><testcase classname="tests.test_kitty" name="test_kittywindow_repr_and_fields" time="0.001" /><testcase classname="tests.test_kitty" name="test_get_kitty_windows_json_parsing" time="0.004" /><testcase classname="tests.test_config" name="test_get_xdg_cache_dir" time="0.003" /><testcase classname="tests.test_config" name="test_get_session_file" time="0.001" /><testcase classname="tests.test_config" name="test_get_xdg_config_dir" time="0.001" /><testcase classname="tests.test_config" name="test_get_xdg_cache_dir_default" time="0.001" /><testcase classname="tests.test_catherd" name="test_dummy" time="0.001" /><testcase classname="tests.test_core" name="test_core_main_no_windows" time="0.001" /><testcase classname="tests.test_core" name="test_core_main_all_branches" time="0.001" /><testcase classname="tests.test_core" name="test_get_kitty_windows_delegates_to_authoritative_model" time="0.001" /><testcase classname="tests.test_core" name="test_get_last_command_for_atuin_session_success" time="0.009" /><testcase classname="tests.test_core" name="test_get_atuin_history_db_path" time="0.001" /><testcase classname="tests.test_core" name="test_get_kitty_windows_handles_missing_model" time="0.001" /><testcase classname="tests.test_atuin" name="test_get_last_command_no_db" time="0.001" /><testcase classname="tests.test_atuin" name="test_get_last_command_with_db" time="0.003" /><testcase classname="tests.test_atuin" name="test_atuin_history_db_path" time="0.001" /><testcase classname="tests.test_atuin" name="test_get_last_command_db_error" time="0.002" /><testcase classname="tests.test_cli" name="test_is_sync_success" time="0.001" /><testcase classname="tests.test_cli" name="test_is_sync_env_missing" time="0.001" /><testcase classname="tests.test_cli" name="test_errors_and_diagnostics_to_stderr" time="0.003" /><testcase classname="tests.test_cli" name="test_main_entrypoint_exits_zero" time="0.003" /><testcase classname="tests.test_cli" name="test_install_shell_snippet_already_installed" time="0.002" /><testcase classname="tests.test_cli" name="test_show_empty_warns" time="0.001" /><testcase classname="tests.test_cli" name="test_show_prints_commands" time="0.002" /><testcase classname="tests.test_cli" name="test_install_dry_run" time="0.002" /><testcase classname="tests.test_cli" name="test_install_shell_snippet" time="0.003" /><testcase classname="tests.test_cli" name="test_exit_code_on_unknown_shell_install" time="0.001" /><testcase classname="tests.test_cli" name="test_print_kitty_session_diagnostics_all_branches" time="0.001" /><testcase classname="tests.test_cli" name="test_preflight_only_on_show" time="0.002" /><testcase classname="tests.test_cli" name="test_show_env_verbose" time="0.001" /><testcase classname="tests.test_cli" name="test__collect_kitty_session_diagnostics_branches" time="0.002" /><testcase classname="tests.test_cli" name="test_json_output" time="0.002" /><testcase classname="tests.test_cli" name="test_install_shell_snippet_unsupported" time="0.001" /><testcase classname="tests.test_cli" name="test_print_shell_snippet_and_env" time="0.001" /><testcase classname="tests.test_cli" name="test_show_none_warns" time="0.001" /><testcase classname="tests.test_cli" name="test__collect_kitty_session_diagnostics" time="0.002" /><testcase classname="tests.test_cli" name="test_doctor_basic" time="0.002" /><testcase classname="tests.test_cli" name="test_doctor_no_windows" time="0.002" /><testcase classname="tests.test_cli" name="test_print_kitty_session_diagnostics_none_synced" time="0.001" /><testcase classname="tests.test_cli" name="test_main_invocation" time="0.323" /><testcase classname="tests.test_cli" name="test_uninstall_dry_run_and_remove" time="0.004" /></testsuite></testsuites>